app/build/intermediates/manifest_merge_blame_file/debug/manifest-merger-blame-debug-report.txt
1<?xml version="1.0" encoding="utf-8"?>
2<manifest xmlns:android="http://schemas.android.com/apk/res/android"
3    package="com.example.objectdetectionlivefeed"
4    android:versionCode="1"
5    android:versionName="1.0" >
6
7    <uses-sdk
8        android:minSdkVersion="21"
8-->src\main\AndroidManifest.xml
9        android:targetSdkVersion="30" />
9-->src\main\AndroidManifest.xml
10
11    <uses-permission android:name="android.permission.CAMERA" />
11-->src\main\AndroidManifest.xml:5:5-65
11-->src\main\AndroidManifest.xml:5:22-62
12
13    <uses-feature android:name="android.hardware.camera" />
13-->src\main\AndroidManifest.xml:6:5-60
13-->src\main\AndroidManifest.xml:6:19-57
14    <uses-feature android:name="android.hardware.camera.autofocus" />
14-->src\main\AndroidManifest.xml:7:5-70
14-->src\main\AndroidManifest.xml:7:19-67
15
16    <uses-permission android:name="android.permission.WRITE_EXTERNAL_STORAGE" />
17    <uses-permission android:name="android.permission.READ_PHONE_STATE" />
18    <uses-permission android:name="android.permission.READ_EXTERNAL_STORAGE" />
19
20    <application
20-->src\main\AndroidManifest.xml:8:5-22:19
21        android:allowBackup="true"
21-->src\main\AndroidManifest.xml:9:9-35
22        android:appComponentFactory="androidx.core.app.CoreComponentFactory"
22-->[androidx.core:core:1.3.2] AndroidManifest.xml:24:18-86
23        android:debuggable="true"
24        android:icon="@mipmap/ic_launcher"
24-->src\main\AndroidManifest.xml:10:9-43
25        android:label="@string/app_name"
25-->src\main\AndroidManifest.xml:11:9-41
26        android:roundIcon="@mipmap/ic_launcher_round"
26-->src\main\AndroidManifest.xml:12:9-54
27        android:supportsRtl="true"
27-->src\main\AndroidManifest.xml:13:9-35
28        android:testOnly="true"
29        android:theme="@style/Theme.ObjectDetectionLiveFeed" >
29-->src\main\AndroidManifest.xml:14:9-61
30        <activity android:name="com.example.objectdetectionlivefeed.MainActivity" >
30-->src\main\AndroidManifest.xml:15:9-21:20
30-->src\main\AndroidManifest.xml:15:19-47
31            <intent-filter>
31-->src\main\AndroidManifest.xml:16:13-20:29
32                <action android:name="android.intent.action.MAIN" />
32-->src\main\AndroidManifest.xml:17:17-69
32-->src\main\AndroidManifest.xml:17:25-66
33
34                <category android:name="android.intent.category.LAUNCHER" />
34-->src\main\AndroidManifest.xml:19:17-77
34-->src\main\AndroidManifest.xml:19:27-74
35            </intent-filter>
36        </activity>
37    </application>
38
39</manifest>